[debug] [2021-08-14T07:47:23.623Z] ----------------------------------------------------------------------
[debug] [2021-08-14T07:47:23.625Z] Command:       D:\Programs\NodeJS\node.exe C:\Users\CED\AppData\Roaming\npm\node_modules\firebase-tools\lib\bin\firebase.js deploy
[debug] [2021-08-14T07:47:23.625Z] CLI Version:   9.16.3
[debug] [2021-08-14T07:47:23.626Z] Platform:      win32
[debug] [2021-08-14T07:47:23.626Z] Node Version:  v14.17.1
[debug] [2021-08-14T07:47:23.626Z] Time:          Sat Aug 14 2021 15:47:23 GMT+0800 (Singapore Standard Time)
[debug] [2021-08-14T07:47:23.626Z] ----------------------------------------------------------------------
[debug] 
[debug] [2021-08-14T07:47:23.673Z] > command requires scopes: ["email","openid","https://www.googleapis.com/auth/cloudplatformprojects.readonly","https://www.googleapis.com/auth/firebase","https://www.googleapis.com/auth/cloud-platform"]
[debug] [2021-08-14T07:47:23.674Z] > authorizing via signed-in user (blap.com.ph@gmail.com)
[debug] [2021-08-14T07:47:23.674Z] [iam] checking project blap-solutions for permissions ["firebase.projects.get","firebasehosting.sites.update"]
[debug] [2021-08-14T07:47:23.676Z] >>> HTTP REQUEST POST https://cloudresourcemanager.googleapis.com/v1/projects/blap-solutions:testIamPermissions  
 {"permissions":["firebase.projects.get","firebasehosting.sites.update"]}
[debug] [2021-08-14T07:47:24.790Z] <<< HTTP RESPONSE 200 {"content-type":"application/json; charset=UTF-8","vary":"X-Origin, Referer, Origin,Accept-Encoding","date":"Sat, 14 Aug 2021 07:47:24 GMT","server":"ESF","cache-control":"private","x-xss-protection":"0","x-frame-options":"SAMEORIGIN","x-content-type-options":"nosniff","server-timing":"gfet4t7; dur=817","alt-svc":"h3=\":443\"; ma=2592000,h3-29=\":443\"; ma=2592000,h3-T051=\":443\"; ma=2592000,h3-Q050=\":443\"; ma=2592000,h3-Q046=\":443\"; ma=2592000,h3-Q043=\":443\"; ma=2592000,quic=\":443\"; ma=2592000; v=\"46,43\"","accept-ranges":"none","transfer-encoding":"chunked"}
[debug] [2021-08-14T07:47:24.792Z] > refreshing access token with scopes: []
[debug] [2021-08-14T07:47:24.792Z] >>> HTTP REQUEST POST https://www.googleapis.com/oauth2/v3/token  
 <request body omitted>
[debug] [2021-08-14T07:47:24.986Z] <<< HTTP RESPONSE 200 {"pragma":"no-cache","expires":"Mon, 01 Jan 1990 00:00:00 GMT","date":"Sat, 14 Aug 2021 07:47:24 GMT","cache-control":"no-cache, no-store, max-age=0, must-revalidate","content-type":"application/json; charset=utf-8","vary":"X-Origin, Referer, Origin,Accept-Encoding","server":"scaffolding on HTTPServer2","x-xss-protection":"0","x-frame-options":"SAMEORIGIN","x-content-type-options":"nosniff","alt-svc":"h3=\":443\"; ma=2592000,h3-29=\":443\"; ma=2592000,h3-T051=\":443\"; ma=2592000,h3-Q050=\":443\"; ma=2592000,h3-Q046=\":443\"; ma=2592000,h3-Q043=\":443\"; ma=2592000,quic=\":443\"; ma=2592000; v=\"46,43\"","accept-ranges":"none","transfer-encoding":"chunked"}
[debug] [2021-08-14T07:47:25.001Z] >>> [apiv2][query] GET https://firebase.googleapis.com/v1beta1/projects/blap-solutions [none]
[debug] [2021-08-14T07:47:25.528Z] <<< [apiv2][status] GET https://firebase.googleapis.com/v1beta1/projects/blap-solutions 200
[debug] [2021-08-14T07:47:25.528Z] <<< [apiv2][body] GET https://firebase.googleapis.com/v1beta1/projects/blap-solutions {"projectId":"blap-solutions","projectNumber":"349784197468","displayName":"blap solutions","name":"projects/blap-solutions","resources":{"hostingSite":"blap-solutions"},"state":"ACTIVE"}
[info] 
[info] === Deploying to 'blap-solutions'...
[info] 
[info] i  deploying hosting 
[debug] [2021-08-14T07:47:25.531Z] > refreshing access token with scopes: ["email","https://www.googleapis.com/auth/cloud-platform","https://www.googleapis.com/auth/cloudplatformprojects.readonly","https://www.googleapis.com/auth/firebase","openid"]
[debug] [2021-08-14T07:47:25.531Z] >>> HTTP REQUEST POST https://www.googleapis.com/oauth2/v3/token  
 <request body omitted>
[debug] [2021-08-14T07:47:25.744Z] <<< HTTP RESPONSE 200 {"cache-control":"no-cache, no-store, max-age=0, must-revalidate","pragma":"no-cache","date":"Sat, 14 Aug 2021 07:47:25 GMT","expires":"Mon, 01 Jan 1990 00:00:00 GMT","content-type":"application/json; charset=utf-8","vary":"X-Origin, Referer, Origin,Accept-Encoding","server":"scaffolding on HTTPServer2","x-xss-protection":"0","x-frame-options":"SAMEORIGIN","x-content-type-options":"nosniff","alt-svc":"h3=\":443\"; ma=2592000,h3-29=\":443\"; ma=2592000,h3-T051=\":443\"; ma=2592000,h3-Q050=\":443\"; ma=2592000,h3-Q046=\":443\"; ma=2592000,h3-Q043=\":443\"; ma=2592000,quic=\":443\"; ma=2592000; v=\"46,43\"","accept-ranges":"none","transfer-encoding":"chunked"}
[debug] [2021-08-14T07:47:25.755Z] >>> HTTP REQUEST POST https://firebasehosting.googleapis.com/v1beta1/sites/blap-solutions/versions  
 {"config":{"rewrites":[{"glob":"**","path":"/index.html"}]},"labels":{"deployment-tool":"cli-firebase"}}
